<?xml version="1.0" encoding="UTF-8"?>
<robot generator="Robot 3.0.4 (Python 3.6.5 on win32)" generated="20180620 11:29:30.051">
<suite id="s1" name="Login Tests" source="c:\data\webdemo\login_tests">
<suite id="s1-s1" name="Gherkin Login" source="c:\data\webdemo\login_tests\gherkin_login.robot">
<test id="s1-s1-t1" name="Valid Login">
<kw name="Given browser is opened to login page">
<kw name="Open Browser To Login Page" library="resource">
<kw name="Open Browser" library="Selenium2Library">
<doc>Opens a new browser instance to the given ``url``.</doc>
<arguments>
<arg>${LOGIN URL}</arg>
<arg>${BROWSER}</arg>
</arguments>
<msg timestamp="20180620 11:29:30.215" level="INFO">Opening browser 'Chrome' to base url 'http://localhost:7272/'.</msg>
<status status="PASS" starttime="20180620 11:29:30.215" endtime="20180620 11:29:36.658"></status>
</kw>
<kw name="Maximize Browser Window" library="Selenium2Library">
<doc>Maximizes current browser window.</doc>
<status status="PASS" starttime="20180620 11:29:36.659" endtime="20180620 11:29:37.776"></status>
</kw>
<kw name="Set Selenium Speed" library="Selenium2Library">
<doc>Sets the delay that is waited after each Selenium command.</doc>
<arguments>
<arg>${DELAY}</arg>
</arguments>
<status status="PASS" starttime="20180620 11:29:37.776" endtime="20180620 11:29:37.776"></status>
</kw>
<kw name="Login Page Should Be Open" library="resource">
<kw name="Title Should Be" library="Selenium2Library">
<doc>Verifies that current page title equals ``title``.</doc>
<arguments>
<arg>Login Page</arg>
</arguments>
<msg timestamp="20180620 11:29:37.784" level="INFO">Page title is 'Login Page'.</msg>
<status status="PASS" starttime="20180620 11:29:37.777" endtime="20180620 11:29:37.784"></status>
</kw>
<status status="PASS" starttime="20180620 11:29:37.776" endtime="20180620 11:29:37.784"></status>
</kw>
<status status="PASS" starttime="20180620 11:29:30.215" endtime="20180620 11:29:37.785"></status>
</kw>
<status status="PASS" starttime="20180620 11:29:30.214" endtime="20180620 11:29:37.785"></status>
</kw>
<kw name="When user &quot;demo&quot; logs in with password &quot;mode&quot;">
<kw name="Input Username" library="resource">
<arguments>
<arg>${username}</arg>
</arguments>
<kw name="Input Text" library="Selenium2Library">
<doc>Types the given ``text`` into text field identified by ``locator``.</doc>
<arguments>
<arg>username_field</arg>
<arg>${username}</arg>
</arguments>
<msg timestamp="20180620 11:29:37.787" level="INFO">Typing text 'demo' into text field 'username_field'.</msg>
<status status="PASS" starttime="20180620 11:29:37.786" endtime="20180620 11:29:37.888"></status>
</kw>
<status status="PASS" starttime="20180620 11:29:37.785" endtime="20180620 11:29:37.888"></status>
</kw>
<kw name="Input Password" library="resource">
<arguments>
<arg>${password}</arg>
</arguments>
<kw name="Input Text" library="Selenium2Library">
<doc>Types the given ``text`` into text field identified by ``locator``.</doc>
<arguments>
<arg>password_field</arg>
<arg>${password}</arg>
</arguments>
<msg timestamp="20180620 11:29:37.889" level="INFO">Typing text 'mode' into text field 'password_field'.</msg>
<status status="PASS" starttime="20180620 11:29:37.889" endtime="20180620 11:29:37.969"></status>
</kw>
<status status="PASS" starttime="20180620 11:29:37.888" endtime="20180620 11:29:37.970"></status>
</kw>
<kw name="Submit Credentials" library="resource">
<kw name="Click Button" library="Selenium2Library">
<doc>Clicks button identified by ``locator``.</doc>
<arguments>
<arg>login_button</arg>
</arguments>
<msg timestamp="20180620 11:29:37.971" level="INFO">Clicking button 'login_button'.</msg>
<status status="PASS" starttime="20180620 11:29:37.970" endtime="20180620 11:29:38.355"></status>
</kw>
<status status="PASS" starttime="20180620 11:29:37.970" endtime="20180620 11:29:38.355"></status>
</kw>
<status status="PASS" starttime="20180620 11:29:37.785" endtime="20180620 11:29:38.355"></status>
</kw>
<kw name="Then welcome page should be open" library="resource">
<kw name="Location Should Be" library="Selenium2Library">
<doc>Verifies that current URL is exactly ``url``.</doc>
<arguments>
<arg>${WELCOME URL}</arg>
</arguments>
<msg timestamp="20180620 11:29:38.366" level="INFO">Current location is 'http://localhost:7272/welcome.html'.</msg>
<status status="PASS" starttime="20180620 11:29:38.356" endtime="20180620 11:29:38.366"></status>
</kw>
<kw name="Title Should Be" library="Selenium2Library">
<doc>Verifies that current page title equals ``title``.</doc>
<arguments>
<arg>Welcome Page</arg>
</arguments>
<msg timestamp="20180620 11:29:38.370" level="INFO">Page title is 'Welcome Page'.</msg>
<status status="PASS" starttime="20180620 11:29:38.367" endtime="20180620 11:29:38.370"></status>
</kw>
<status status="PASS" starttime="20180620 11:29:38.355" endtime="20180620 11:29:38.370"></status>
</kw>
<kw name="Close Browser" library="Selenium2Library" type="teardown">
<doc>Closes the current browser.</doc>
<status status="PASS" starttime="20180620 11:29:38.370" endtime="20180620 11:29:41.456"></status>
</kw>
<status status="PASS" starttime="20180620 11:29:30.214" endtime="20180620 11:29:41.456" critical="yes"></status>
</test>
<doc>A test suite with a single Gherkin style test.

This test is functionally identical to the example in
valid_login.robot file.</doc>
<status status="PASS" starttime="20180620 11:29:30.092" endtime="20180620 11:29:41.457"></status>
</suite>
<suite id="s1-s2" name="Invalid Login" source="c:\data\webdemo\login_tests\invalid_login.robot">
<kw name="Open Browser To Login Page" library="resource" type="setup">
<kw name="Open Browser" library="Selenium2Library">
<doc>Opens a new browser instance to the given ``url``.</doc>
<arguments>
<arg>${LOGIN URL}</arg>
<arg>${BROWSER}</arg>
</arguments>
<msg timestamp="20180620 11:29:41.465" level="INFO">Opening browser 'Chrome' to base url 'http://localhost:7272/'.</msg>
<status status="PASS" starttime="20180620 11:29:41.465" endtime="20180620 11:29:48.007"></status>
</kw>
<kw name="Maximize Browser Window" library="Selenium2Library">
<doc>Maximizes current browser window.</doc>
<status status="PASS" starttime="20180620 11:29:48.007" endtime="20180620 11:29:49.121"></status>
</kw>
<kw name="Set Selenium Speed" library="Selenium2Library">
<doc>Sets the delay that is waited after each Selenium command.</doc>
<arguments>
<arg>${DELAY}</arg>
</arguments>
<status status="PASS" starttime="20180620 11:29:49.121" endtime="20180620 11:29:49.121"></status>
</kw>
<kw name="Login Page Should Be Open" library="resource">
<kw name="Title Should Be" library="Selenium2Library">
<doc>Verifies that current page title equals ``title``.</doc>
<arguments>
<arg>Login Page</arg>
</arguments>
<msg timestamp="20180620 11:29:49.129" level="INFO">Page title is 'Login Page'.</msg>
<status status="PASS" starttime="20180620 11:29:49.122" endtime="20180620 11:29:49.129"></status>
</kw>
<status status="PASS" starttime="20180620 11:29:49.122" endtime="20180620 11:29:49.129"></status>
</kw>
<status status="PASS" starttime="20180620 11:29:41.465" endtime="20180620 11:29:49.129"></status>
</kw>
<test id="s1-s2-t1" name="Invalid Username">
<kw name="Go To Login Page" library="resource" type="setup">
<kw name="Go To" library="Selenium2Library">
<doc>Navigates the active browser instance to the provided ``url``.</doc>
<arguments>
<arg>${LOGIN URL}</arg>
</arguments>
<msg timestamp="20180620 11:29:49.130" level="INFO">Opening url 'http://localhost:7272/'</msg>
<status status="PASS" starttime="20180620 11:29:49.130" endtime="20180620 11:29:49.166"></status>
</kw>
<kw name="Login Page Should Be Open" library="resource">
<kw name="Title Should Be" library="Selenium2Library">
<doc>Verifies that current page title equals ``title``.</doc>
<arguments>
<arg>Login Page</arg>
</arguments>
<msg timestamp="20180620 11:29:49.170" level="INFO">Page title is 'Login Page'.</msg>
<status status="PASS" starttime="20180620 11:29:49.167" endtime="20180620 11:29:49.170"></status>
</kw>
<status status="PASS" starttime="20180620 11:29:49.166" endtime="20180620 11:29:49.171"></status>
</kw>
<status status="PASS" starttime="20180620 11:29:49.130" endtime="20180620 11:29:49.171"></status>
</kw>
<kw name="Login With Invalid Credentials Should Fail">
<arguments>
<arg>invalid</arg>
<arg>${VALID PASSWORD}</arg>
</arguments>
<kw name="Input Username" library="resource">
<arguments>
<arg>${username}</arg>
</arguments>
<kw name="Input Text" library="Selenium2Library">
<doc>Types the given ``text`` into text field identified by ``locator``.</doc>
<arguments>
<arg>username_field</arg>
<arg>${username}</arg>
</arguments>
<msg timestamp="20180620 11:29:49.172" level="INFO">Typing text 'invalid' into text field 'username_field'.</msg>
<status status="PASS" starttime="20180620 11:29:49.172" endtime="20180620 11:29:49.283"></status>
</kw>
<status status="PASS" starttime="20180620 11:29:49.172" endtime="20180620 11:29:49.283"></status>
</kw>
<kw name="Input Password" library="resource">
<arguments>
<arg>${password}</arg>
</arguments>
<kw name="Input Text" library="Selenium2Library">
<doc>Types the given ``text`` into text field identified by ``locator``.</doc>
<arguments>
<arg>password_field</arg>
<arg>${password}</arg>
</arguments>
<msg timestamp="20180620 11:29:49.284" level="INFO">Typing text 'mode' into text field 'password_field'.</msg>
<status status="PASS" starttime="20180620 11:29:49.284" endtime="20180620 11:29:49.359"></status>
</kw>
<status status="PASS" starttime="20180620 11:29:49.284" endtime="20180620 11:29:49.359"></status>
</kw>
<kw name="Submit Credentials" library="resource">
<kw name="Click Button" library="Selenium2Library">
<doc>Clicks button identified by ``locator``.</doc>
<arguments>
<arg>login_button</arg>
</arguments>
<msg timestamp="20180620 11:29:49.360" level="INFO">Clicking button 'login_button'.</msg>
<status status="PASS" starttime="20180620 11:29:49.360" endtime="20180620 11:29:49.465"></status>
</kw>
<status status="PASS" starttime="20180620 11:29:49.359" endtime="20180620 11:29:49.465"></status>
</kw>
<kw name="Login Should Have Failed">
<kw name="Location Should Be" library="Selenium2Library">
<doc>Verifies that current URL is exactly ``url``.</doc>
<arguments>
<arg>${ERROR URL}</arg>
</arguments>
<msg timestamp="20180620 11:29:49.470" level="INFO">Current location is 'http://localhost:7272/error.html'.</msg>
<status status="PASS" starttime="20180620 11:29:49.465" endtime="20180620 11:29:49.470"></status>
</kw>
<kw name="Title Should Be" library="Selenium2Library">
<doc>Verifies that current page title equals ``title``.</doc>
<arguments>
<arg>Error Page</arg>
</arguments>
<msg timestamp="20180620 11:29:49.474" level="INFO">Page title is 'Error Page'.</msg>
<status status="PASS" starttime="20180620 11:29:49.470" endtime="20180620 11:29:49.474"></status>
</kw>
<status status="PASS" starttime="20180620 11:29:49.465" endtime="20180620 11:29:49.474"></status>
</kw>
<status status="PASS" starttime="20180620 11:29:49.171" endtime="20180620 11:29:49.474"></status>
</kw>
<status status="PASS" starttime="20180620 11:29:49.129" endtime="20180620 11:29:49.474" critical="yes"></status>
</test>
<test id="s1-s2-t2" name="Invalid Password">
<kw name="Go To Login Page" library="resource" type="setup">
<kw name="Go To" library="Selenium2Library">
<doc>Navigates the active browser instance to the provided ``url``.</doc>
<arguments>
<arg>${LOGIN URL}</arg>
</arguments>
<msg timestamp="20180620 11:29:49.477" level="INFO">Opening url 'http://localhost:7272/'</msg>
<status status="PASS" starttime="20180620 11:29:49.477" endtime="20180620 11:29:49.500"></status>
</kw>
<kw name="Login Page Should Be Open" library="resource">
<kw name="Title Should Be" library="Selenium2Library">
<doc>Verifies that current page title equals ``title``.</doc>
<arguments>
<arg>Login Page</arg>
</arguments>
<msg timestamp="20180620 11:29:49.505" level="INFO">Page title is 'Login Page'.</msg>
<status status="PASS" starttime="20180620 11:29:49.501" endtime="20180620 11:29:49.505"></status>
</kw>
<status status="PASS" starttime="20180620 11:29:49.500" endtime="20180620 11:29:49.505"></status>
</kw>
<status status="PASS" starttime="20180620 11:29:49.476" endtime="20180620 11:29:49.505"></status>
</kw>
<kw name="Login With Invalid Credentials Should Fail">
<arguments>
<arg>${VALID USER}</arg>
<arg>invalid</arg>
</arguments>
<kw name="Input Username" library="resource">
<arguments>
<arg>${username}</arg>
</arguments>
<kw name="Input Text" library="Selenium2Library">
<doc>Types the given ``text`` into text field identified by ``locator``.</doc>
<arguments>
<arg>username_field</arg>
<arg>${username}</arg>
</arguments>
<msg timestamp="20180620 11:29:49.506" level="INFO">Typing text 'demo' into text field 'username_field'.</msg>
<status status="PASS" starttime="20180620 11:29:49.506" endtime="20180620 11:29:49.580"></status>
</kw>
<status status="PASS" starttime="20180620 11:29:49.506" endtime="20180620 11:29:49.580"></status>
</kw>
<kw name="Input Password" library="resource">
<arguments>
<arg>${password}</arg>
</arguments>
<kw name="Input Text" library="Selenium2Library">
<doc>Types the given ``text`` into text field identified by ``locator``.</doc>
<arguments>
<arg>password_field</arg>
<arg>${password}</arg>
</arguments>
<msg timestamp="20180620 11:29:49.581" level="INFO">Typing text 'invalid' into text field 'password_field'.</msg>
<status status="PASS" starttime="20180620 11:29:49.581" endtime="20180620 11:29:49.658"></status>
</kw>
<status status="PASS" starttime="20180620 11:29:49.580" endtime="20180620 11:29:49.658"></status>
</kw>
<kw name="Submit Credentials" library="resource">
<kw name="Click Button" library="Selenium2Library">
<doc>Clicks button identified by ``locator``.</doc>
<arguments>
<arg>login_button</arg>
</arguments>
<msg timestamp="20180620 11:29:49.659" level="INFO">Clicking button 'login_button'.</msg>
<status status="PASS" starttime="20180620 11:29:49.658" endtime="20180620 11:29:49.735"></status>
</kw>
<status status="PASS" starttime="20180620 11:29:49.658" endtime="20180620 11:29:49.736"></status>
</kw>
<kw name="Login Should Have Failed">
<kw name="Location Should Be" library="Selenium2Library">
<doc>Verifies that current URL is exactly ``url``.</doc>
<arguments>
<arg>${ERROR URL}</arg>
</arguments>
<msg timestamp="20180620 11:29:49.741" level="INFO">Current location is 'http://localhost:7272/error.html'.</msg>
<status status="PASS" starttime="20180620 11:29:49.736" endtime="20180620 11:29:49.741"></status>
</kw>
<kw name="Title Should Be" library="Selenium2Library">
<doc>Verifies that current page title equals ``title``.</doc>
<arguments>
<arg>Error Page</arg>
</arguments>
<msg timestamp="20180620 11:29:49.746" level="INFO">Page title is 'Error Page'.</msg>
<status status="PASS" starttime="20180620 11:29:49.741" endtime="20180620 11:29:49.747"></status>
</kw>
<status status="PASS" starttime="20180620 11:29:49.736" endtime="20180620 11:29:49.747"></status>
</kw>
<status status="PASS" starttime="20180620 11:29:49.505" endtime="20180620 11:29:49.747"></status>
</kw>
<status status="PASS" starttime="20180620 11:29:49.475" endtime="20180620 11:29:49.747" critical="yes"></status>
</test>
<test id="s1-s2-t3" name="Invalid Username And Password">
<kw name="Go To Login Page" library="resource" type="setup">
<kw name="Go To" library="Selenium2Library">
<doc>Navigates the active browser instance to the provided ``url``.</doc>
<arguments>
<arg>${LOGIN URL}</arg>
</arguments>
<msg timestamp="20180620 11:29:49.749" level="INFO">Opening url 'http://localhost:7272/'</msg>
<status status="PASS" starttime="20180620 11:29:49.748" endtime="20180620 11:29:49.770"></status>
</kw>
<kw name="Login Page Should Be Open" library="resource">
<kw name="Title Should Be" library="Selenium2Library">
<doc>Verifies that current page title equals ``title``.</doc>
<arguments>
<arg>Login Page</arg>
</arguments>
<msg timestamp="20180620 11:29:49.774" level="INFO">Page title is 'Login Page'.</msg>
<status status="PASS" starttime="20180620 11:29:49.771" endtime="20180620 11:29:49.774"></status>
</kw>
<status status="PASS" starttime="20180620 11:29:49.770" endtime="20180620 11:29:49.774"></status>
</kw>
<status status="PASS" starttime="20180620 11:29:49.748" endtime="20180620 11:29:49.775"></status>
</kw>
<kw name="Login With Invalid Credentials Should Fail">
<arguments>
<arg>invalid</arg>
<arg>whatever</arg>
</arguments>
<kw name="Input Username" library="resource">
<arguments>
<arg>${username}</arg>
</arguments>
<kw name="Input Text" library="Selenium2Library">
<doc>Types the given ``text`` into text field identified by ``locator``.</doc>
<arguments>
<arg>username_field</arg>
<arg>${username}</arg>
</arguments>
<msg timestamp="20180620 11:29:49.776" level="INFO">Typing text 'invalid' into text field 'username_field'.</msg>
<status status="PASS" starttime="20180620 11:29:49.776" endtime="20180620 11:29:49.858"></status>
</kw>
<status status="PASS" starttime="20180620 11:29:49.776" endtime="20180620 11:29:49.858"></status>
</kw>
<kw name="Input Password" library="resource">
<arguments>
<arg>${password}</arg>
</arguments>
<kw name="Input Text" library="Selenium2Library">
<doc>Types the given ``text`` into text field identified by ``locator``.</doc>
<arguments>
<arg>password_field</arg>
<arg>${password}</arg>
</arguments>
<msg timestamp="20180620 11:29:49.859" level="INFO">Typing text 'whatever' into text field 'password_field'.</msg>
<status status="PASS" starttime="20180620 11:29:49.859" endtime="20180620 11:29:49.938"></status>
</kw>
<status status="PASS" starttime="20180620 11:29:49.858" endtime="20180620 11:29:49.938"></status>
</kw>
<kw name="Submit Credentials" library="resource">
<kw name="Click Button" library="Selenium2Library">
<doc>Clicks button identified by ``locator``.</doc>
<arguments>
<arg>login_button</arg>
</arguments>
<msg timestamp="20180620 11:29:49.939" level="INFO">Clicking button 'login_button'.</msg>
<status status="PASS" starttime="20180620 11:29:49.939" endtime="20180620 11:29:50.016"></status>
</kw>
<status status="PASS" starttime="20180620 11:29:49.938" endtime="20180620 11:29:50.016"></status>
</kw>
<kw name="Login Should Have Failed">
<kw name="Location Should Be" library="Selenium2Library">
<doc>Verifies that current URL is exactly ``url``.</doc>
<arguments>
<arg>${ERROR URL}</arg>
</arguments>
<msg timestamp="20180620 11:29:50.022" level="INFO">Current location is 'http://localhost:7272/error.html'.</msg>
<status status="PASS" starttime="20180620 11:29:50.017" endtime="20180620 11:29:50.022"></status>
</kw>
<kw name="Title Should Be" library="Selenium2Library">
<doc>Verifies that current page title equals ``title``.</doc>
<arguments>
<arg>Error Page</arg>
</arguments>
<msg timestamp="20180620 11:29:50.028" level="INFO">Page title is 'Error Page'.</msg>
<status status="PASS" starttime="20180620 11:29:50.023" endtime="20180620 11:29:50.028"></status>
</kw>
<status status="PASS" starttime="20180620 11:29:50.017" endtime="20180620 11:29:50.029"></status>
</kw>
<status status="PASS" starttime="20180620 11:29:49.775" endtime="20180620 11:29:50.029"></status>
</kw>
<status status="PASS" starttime="20180620 11:29:49.747" endtime="20180620 11:29:50.029" critical="yes"></status>
</test>
<test id="s1-s2-t4" name="Empty Username">
<kw name="Go To Login Page" library="resource" type="setup">
<kw name="Go To" library="Selenium2Library">
<doc>Navigates the active browser instance to the provided ``url``.</doc>
<arguments>
<arg>${LOGIN URL}</arg>
</arguments>
<msg timestamp="20180620 11:29:50.030" level="INFO">Opening url 'http://localhost:7272/'</msg>
<status status="PASS" starttime="20180620 11:29:50.030" endtime="20180620 11:29:50.051"></status>
</kw>
<kw name="Login Page Should Be Open" library="resource">
<kw name="Title Should Be" library="Selenium2Library">
<doc>Verifies that current page title equals ``title``.</doc>
<arguments>
<arg>Login Page</arg>
</arguments>
<msg timestamp="20180620 11:29:50.056" level="INFO">Page title is 'Login Page'.</msg>
<status status="PASS" starttime="20180620 11:29:50.052" endtime="20180620 11:29:50.056"></status>
</kw>
<status status="PASS" starttime="20180620 11:29:50.051" endtime="20180620 11:29:50.057"></status>
</kw>
<status status="PASS" starttime="20180620 11:29:50.030" endtime="20180620 11:29:50.057"></status>
</kw>
<kw name="Login With Invalid Credentials Should Fail">
<arguments>
<arg>${EMPTY}</arg>
<arg>${VALID PASSWORD}</arg>
</arguments>
<kw name="Input Username" library="resource">
<arguments>
<arg>${username}</arg>
</arguments>
<kw name="Input Text" library="Selenium2Library">
<doc>Types the given ``text`` into text field identified by ``locator``.</doc>
<arguments>
<arg>username_field</arg>
<arg>${username}</arg>
</arguments>
<msg timestamp="20180620 11:29:50.058" level="INFO">Typing text '' into text field 'username_field'.</msg>
<status status="PASS" starttime="20180620 11:29:50.057" endtime="20180620 11:29:50.119"></status>
</kw>
<status status="PASS" starttime="20180620 11:29:50.057" endtime="20180620 11:29:50.119"></status>
</kw>
<kw name="Input Password" library="resource">
<arguments>
<arg>${password}</arg>
</arguments>
<kw name="Input Text" library="Selenium2Library">
<doc>Types the given ``text`` into text field identified by ``locator``.</doc>
<arguments>
<arg>password_field</arg>
<arg>${password}</arg>
</arguments>
<msg timestamp="20180620 11:29:50.120" level="INFO">Typing text 'mode' into text field 'password_field'.</msg>
<status status="PASS" starttime="20180620 11:29:50.120" endtime="20180620 11:29:50.185"></status>
</kw>
<status status="PASS" starttime="20180620 11:29:50.119" endtime="20180620 11:29:50.185"></status>
</kw>
<kw name="Submit Credentials" library="resource">
<kw name="Click Button" library="Selenium2Library">
<doc>Clicks button identified by ``locator``.</doc>
<arguments>
<arg>login_button</arg>
</arguments>
<msg timestamp="20180620 11:29:50.186" level="INFO">Clicking button 'login_button'.</msg>
<status status="PASS" starttime="20180620 11:29:50.186" endtime="20180620 11:29:50.265"></status>
</kw>
<status status="PASS" starttime="20180620 11:29:50.185" endtime="20180620 11:29:50.265"></status>
</kw>
<kw name="Login Should Have Failed">
<kw name="Location Should Be" library="Selenium2Library">
<doc>Verifies that current URL is exactly ``url``.</doc>
<arguments>
<arg>${ERROR URL}</arg>
</arguments>
<msg timestamp="20180620 11:29:50.271" level="INFO">Current location is 'http://localhost:7272/error.html'.</msg>
<status status="PASS" starttime="20180620 11:29:50.266" endtime="20180620 11:29:50.271"></status>
</kw>
<kw name="Title Should Be" library="Selenium2Library">
<doc>Verifies that current page title equals ``title``.</doc>
<arguments>
<arg>Error Page</arg>
</arguments>
<msg timestamp="20180620 11:29:50.275" level="INFO">Page title is 'Error Page'.</msg>
<status status="PASS" starttime="20180620 11:29:50.272" endtime="20180620 11:29:50.275"></status>
</kw>
<status status="PASS" starttime="20180620 11:29:50.265" endtime="20180620 11:29:50.275"></status>
</kw>
<status status="PASS" starttime="20180620 11:29:50.057" endtime="20180620 11:29:50.276"></status>
</kw>
<status status="PASS" starttime="20180620 11:29:50.029" endtime="20180620 11:29:50.276" critical="yes"></status>
</test>
<test id="s1-s2-t5" name="Empty Password">
<kw name="Go To Login Page" library="resource" type="setup">
<kw name="Go To" library="Selenium2Library">
<doc>Navigates the active browser instance to the provided ``url``.</doc>
<arguments>
<arg>${LOGIN URL}</arg>
</arguments>
<msg timestamp="20180620 11:29:50.278" level="INFO">Opening url 'http://localhost:7272/'</msg>
<status status="PASS" starttime="20180620 11:29:50.277" endtime="20180620 11:29:50.302"></status>
</kw>
<kw name="Login Page Should Be Open" library="resource">
<kw name="Title Should Be" library="Selenium2Library">
<doc>Verifies that current page title equals ``title``.</doc>
<arguments>
<arg>Login Page</arg>
</arguments>
<msg timestamp="20180620 11:29:50.305" level="INFO">Page title is 'Login Page'.</msg>
<status status="PASS" starttime="20180620 11:29:50.302" endtime="20180620 11:29:50.305"></status>
</kw>
<status status="PASS" starttime="20180620 11:29:50.302" endtime="20180620 11:29:50.306"></status>
</kw>
<status status="PASS" starttime="20180620 11:29:50.277" endtime="20180620 11:29:50.306"></status>
</kw>
<kw name="Login With Invalid Credentials Should Fail">
<arguments>
<arg>${VALID USER}</arg>
<arg>${EMPTY}</arg>
</arguments>
<kw name="Input Username" library="resource">
<arguments>
<arg>${username}</arg>
</arguments>
<kw name="Input Text" library="Selenium2Library">
<doc>Types the given ``text`` into text field identified by ``locator``.</doc>
<arguments>
<arg>username_field</arg>
<arg>${username}</arg>
</arguments>
<msg timestamp="20180620 11:29:50.307" level="INFO">Typing text 'demo' into text field 'username_field'.</msg>
<status status="PASS" starttime="20180620 11:29:50.307" endtime="20180620 11:29:50.376"></status>
</kw>
<status status="PASS" starttime="20180620 11:29:50.306" endtime="20180620 11:29:50.376"></status>
</kw>
<kw name="Input Password" library="resource">
<arguments>
<arg>${password}</arg>
</arguments>
<kw name="Input Text" library="Selenium2Library">
<doc>Types the given ``text`` into text field identified by ``locator``.</doc>
<arguments>
<arg>password_field</arg>
<arg>${password}</arg>
</arguments>
<msg timestamp="20180620 11:29:50.378" level="INFO">Typing text '' into text field 'password_field'.</msg>
<status status="PASS" starttime="20180620 11:29:50.377" endtime="20180620 11:29:50.432"></status>
</kw>
<status status="PASS" starttime="20180620 11:29:50.377" endtime="20180620 11:29:50.432"></status>
</kw>
<kw name="Submit Credentials" library="resource">
<kw name="Click Button" library="Selenium2Library">
<doc>Clicks button identified by ``locator``.</doc>
<arguments>
<arg>login_button</arg>
</arguments>
<msg timestamp="20180620 11:29:50.433" level="INFO">Clicking button 'login_button'.</msg>
<status status="PASS" starttime="20180620 11:29:50.433" endtime="20180620 11:29:50.511"></status>
</kw>
<status status="PASS" starttime="20180620 11:29:50.432" endtime="20180620 11:29:50.511"></status>
</kw>
<kw name="Login Should Have Failed">
<kw name="Location Should Be" library="Selenium2Library">
<doc>Verifies that current URL is exactly ``url``.</doc>
<arguments>
<arg>${ERROR URL}</arg>
</arguments>
<msg timestamp="20180620 11:29:50.517" level="INFO">Current location is 'http://localhost:7272/error.html'.</msg>
<status status="PASS" starttime="20180620 11:29:50.512" endtime="20180620 11:29:50.517"></status>
</kw>
<kw name="Title Should Be" library="Selenium2Library">
<doc>Verifies that current page title equals ``title``.</doc>
<arguments>
<arg>Error Page</arg>
</arguments>
<msg timestamp="20180620 11:29:50.522" level="INFO">Page title is 'Error Page'.</msg>
<status status="PASS" starttime="20180620 11:29:50.518" endtime="20180620 11:29:50.523"></status>
</kw>
<status status="PASS" starttime="20180620 11:29:50.512" endtime="20180620 11:29:50.523"></status>
</kw>
<status status="PASS" starttime="20180620 11:29:50.306" endtime="20180620 11:29:50.523"></status>
</kw>
<status status="PASS" starttime="20180620 11:29:50.276" endtime="20180620 11:29:50.523" critical="yes"></status>
</test>
<test id="s1-s2-t6" name="Empty Username And Password">
<kw name="Go To Login Page" library="resource" type="setup">
<kw name="Go To" library="Selenium2Library">
<doc>Navigates the active browser instance to the provided ``url``.</doc>
<arguments>
<arg>${LOGIN URL}</arg>
</arguments>
<msg timestamp="20180620 11:29:50.524" level="INFO">Opening url 'http://localhost:7272/'</msg>
<status status="PASS" starttime="20180620 11:29:50.524" endtime="20180620 11:29:50.548"></status>
</kw>
<kw name="Login Page Should Be Open" library="resource">
<kw name="Title Should Be" library="Selenium2Library">
<doc>Verifies that current page title equals ``title``.</doc>
<arguments>
<arg>Login Page</arg>
</arguments>
<msg timestamp="20180620 11:29:50.554" level="INFO">Page title is 'Login Page'.</msg>
<status status="PASS" starttime="20180620 11:29:50.549" endtime="20180620 11:29:50.554"></status>
</kw>
<status status="PASS" starttime="20180620 11:29:50.548" endtime="20180620 11:29:50.554"></status>
</kw>
<status status="PASS" starttime="20180620 11:29:50.524" endtime="20180620 11:29:50.554"></status>
</kw>
<kw name="Login With Invalid Credentials Should Fail">
<arguments>
<arg>${EMPTY}</arg>
<arg>${EMPTY}</arg>
</arguments>
<kw name="Input Username" library="resource">
<arguments>
<arg>${username}</arg>
</arguments>
<kw name="Input Text" library="Selenium2Library">
<doc>Types the given ``text`` into text field identified by ``locator``.</doc>
<arguments>
<arg>username_field</arg>
<arg>${username}</arg>
</arguments>
<msg timestamp="20180620 11:29:50.555" level="INFO">Typing text '' into text field 'username_field'.</msg>
<status status="PASS" starttime="20180620 11:29:50.555" endtime="20180620 11:29:50.615"></status>
</kw>
<status status="PASS" starttime="20180620 11:29:50.554" endtime="20180620 11:29:50.616"></status>
</kw>
<kw name="Input Password" library="resource">
<arguments>
<arg>${password}</arg>
</arguments>
<kw name="Input Text" library="Selenium2Library">
<doc>Types the given ``text`` into text field identified by ``locator``.</doc>
<arguments>
<arg>password_field</arg>
<arg>${password}</arg>
</arguments>
<msg timestamp="20180620 11:29:50.616" level="INFO">Typing text '' into text field 'password_field'.</msg>
<status status="PASS" starttime="20180620 11:29:50.616" endtime="20180620 11:29:50.669"></status>
</kw>
<status status="PASS" starttime="20180620 11:29:50.616" endtime="20180620 11:29:50.669"></status>
</kw>
<kw name="Submit Credentials" library="resource">
<kw name="Click Button" library="Selenium2Library">
<doc>Clicks button identified by ``locator``.</doc>
<arguments>
<arg>login_button</arg>
</arguments>
<msg timestamp="20180620 11:29:50.670" level="INFO">Clicking button 'login_button'.</msg>
<status status="PASS" starttime="20180620 11:29:50.669" endtime="20180620 11:29:50.754"></status>
</kw>
<status status="PASS" starttime="20180620 11:29:50.669" endtime="20180620 11:29:50.754"></status>
</kw>
<kw name="Login Should Have Failed">
<kw name="Location Should Be" library="Selenium2Library">
<doc>Verifies that current URL is exactly ``url``.</doc>
<arguments>
<arg>${ERROR URL}</arg>
</arguments>
<msg timestamp="20180620 11:29:50.762" level="INFO">Current location is 'http://localhost:7272/error.html'.</msg>
<status status="PASS" starttime="20180620 11:29:50.755" endtime="20180620 11:29:50.763"></status>
</kw>
<kw name="Title Should Be" library="Selenium2Library">
<doc>Verifies that current page title equals ``title``.</doc>
<arguments>
<arg>Error Page</arg>
</arguments>
<msg timestamp="20180620 11:29:50.766" level="INFO">Page title is 'Error Page'.</msg>
<status status="PASS" starttime="20180620 11:29:50.763" endtime="20180620 11:29:50.766"></status>
</kw>
<status status="PASS" starttime="20180620 11:29:50.754" endtime="20180620 11:29:50.767"></status>
</kw>
<status status="PASS" starttime="20180620 11:29:50.554" endtime="20180620 11:29:50.767"></status>
</kw>
<status status="PASS" starttime="20180620 11:29:50.523" endtime="20180620 11:29:50.767" critical="yes"></status>
</test>
<kw name="Close Browser" library="Selenium2Library" type="teardown">
<doc>Closes the current browser.</doc>
<status status="PASS" starttime="20180620 11:29:50.768" endtime="20180620 11:29:53.853"></status>
</kw>
<doc>A test suite containing tests related to invalid login.

These tests are data-driven by their nature. They use a single
keyword, specified with Test Template setting, that is called
with different arguments to cover different scenarios.

This suite also demonstrates using setups and teardowns in
different levels.</doc>
<status status="PASS" starttime="20180620 11:29:41.459" endtime="20180620 11:29:53.853"></status>
</suite>
<suite id="s1-s3" name="Valid Login" source="c:\data\webdemo\login_tests\valid_login.robot">
<test id="s1-s3-t1" name="Valid Login">
<kw name="Open Browser To Login Page" library="resource">
<kw name="Open Browser" library="Selenium2Library">
<doc>Opens a new browser instance to the given ``url``.</doc>
<arguments>
<arg>${LOGIN URL}</arg>
<arg>${BROWSER}</arg>
</arguments>
<msg timestamp="20180620 11:29:53.862" level="INFO">Opening browser 'Chrome' to base url 'http://localhost:7272/'.</msg>
<status status="PASS" starttime="20180620 11:29:53.862" endtime="20180620 11:30:00.348"></status>
</kw>
<kw name="Maximize Browser Window" library="Selenium2Library">
<doc>Maximizes current browser window.</doc>
<status status="PASS" starttime="20180620 11:30:00.348" endtime="20180620 11:30:01.465"></status>
</kw>
<kw name="Set Selenium Speed" library="Selenium2Library">
<doc>Sets the delay that is waited after each Selenium command.</doc>
<arguments>
<arg>${DELAY}</arg>
</arguments>
<status status="PASS" starttime="20180620 11:30:01.465" endtime="20180620 11:30:01.465"></status>
</kw>
<kw name="Login Page Should Be Open" library="resource">
<kw name="Title Should Be" library="Selenium2Library">
<doc>Verifies that current page title equals ``title``.</doc>
<arguments>
<arg>Login Page</arg>
</arguments>
<msg timestamp="20180620 11:30:01.473" level="INFO">Page title is 'Login Page'.</msg>
<status status="PASS" starttime="20180620 11:30:01.466" endtime="20180620 11:30:01.473"></status>
</kw>
<status status="PASS" starttime="20180620 11:30:01.465" endtime="20180620 11:30:01.473"></status>
</kw>
<status status="PASS" starttime="20180620 11:29:53.862" endtime="20180620 11:30:01.473"></status>
</kw>
<kw name="Input Username" library="resource">
<arguments>
<arg>demo</arg>
</arguments>
<kw name="Input Text" library="Selenium2Library">
<doc>Types the given ``text`` into text field identified by ``locator``.</doc>
<arguments>
<arg>username_field</arg>
<arg>${username}</arg>
</arguments>
<msg timestamp="20180620 11:30:01.474" level="INFO">Typing text 'demo' into text field 'username_field'.</msg>
<status status="PASS" starttime="20180620 11:30:01.474" endtime="20180620 11:30:01.562"></status>
</kw>
<status status="PASS" starttime="20180620 11:30:01.473" endtime="20180620 11:30:01.563"></status>
</kw>
<kw name="Input Password" library="resource">
<arguments>
<arg>mode</arg>
</arguments>
<kw name="Input Text" library="Selenium2Library">
<doc>Types the given ``text`` into text field identified by ``locator``.</doc>
<arguments>
<arg>password_field</arg>
<arg>${password}</arg>
</arguments>
<msg timestamp="20180620 11:30:01.564" level="INFO">Typing text 'mode' into text field 'password_field'.</msg>
<status status="PASS" starttime="20180620 11:30:01.563" endtime="20180620 11:30:01.640"></status>
</kw>
<status status="PASS" starttime="20180620 11:30:01.563" endtime="20180620 11:30:01.641"></status>
</kw>
<kw name="Submit Credentials" library="resource">
<kw name="Click Button" library="Selenium2Library">
<doc>Clicks button identified by ``locator``.</doc>
<arguments>
<arg>login_button</arg>
</arguments>
<msg timestamp="20180620 11:30:01.642" level="INFO">Clicking button 'login_button'.</msg>
<status status="PASS" starttime="20180620 11:30:01.642" endtime="20180620 11:30:02.041"></status>
</kw>
<status status="PASS" starttime="20180620 11:30:01.641" endtime="20180620 11:30:02.041"></status>
</kw>
<kw name="Welcome Page Should Be Open" library="resource">
<kw name="Location Should Be" library="Selenium2Library">
<doc>Verifies that current URL is exactly ``url``.</doc>
<arguments>
<arg>${WELCOME URL}</arg>
</arguments>
<msg timestamp="20180620 11:30:02.049" level="INFO">Current location is 'http://localhost:7272/welcome.html'.</msg>
<status status="PASS" starttime="20180620 11:30:02.042" endtime="20180620 11:30:02.049"></status>
</kw>
<kw name="Title Should Be" library="Selenium2Library">
<doc>Verifies that current page title equals ``title``.</doc>
<arguments>
<arg>Welcome Page</arg>
</arguments>
<msg timestamp="20180620 11:30:02.053" level="INFO">Page title is 'Welcome Page'.</msg>
<status status="PASS" starttime="20180620 11:30:02.049" endtime="20180620 11:30:02.053"></status>
</kw>
<status status="PASS" starttime="20180620 11:30:02.041" endtime="20180620 11:30:02.053"></status>
</kw>
<kw name="Close Browser" library="Selenium2Library" type="teardown">
<doc>Closes the current browser.</doc>
<status status="PASS" starttime="20180620 11:30:02.054" endtime="20180620 11:30:05.153"></status>
</kw>
<status status="PASS" starttime="20180620 11:29:53.861" endtime="20180620 11:30:05.153" critical="yes"></status>
</test>
<doc>A test suite with a single test for valid login.

This test has a workflow that is created using keywords in
the imported resource file.</doc>
<status status="PASS" starttime="20180620 11:29:53.855" endtime="20180620 11:30:05.154"></status>
</suite>
<status status="PASS" starttime="20180620 11:29:30.061" endtime="20180620 11:30:05.156"></status>
</suite>
<statistics>
<total>
<stat pass="8" fail="0">Critical Tests</stat>
<stat pass="8" fail="0">All Tests</stat>
</total>
<tag>
</tag>
<suite>
<stat pass="8" fail="0" id="s1" name="Login Tests">Login Tests</stat>
<stat pass="1" fail="0" id="s1-s1" name="Gherkin Login">Login Tests.Gherkin Login</stat>
<stat pass="6" fail="0" id="s1-s2" name="Invalid Login">Login Tests.Invalid Login</stat>
<stat pass="1" fail="0" id="s1-s3" name="Valid Login">Login Tests.Valid Login</stat>
</suite>
</statistics>
<errors>
</errors>
</robot>
