<?xml version="1.0" encoding="UTF-8"?>
<robot generator="Robot 3.0.4 (Python 3.6.5 on win32)" generated="20180627 14:45:33.294">
<suite id="s1" name="Login Tests" source="c:\data\webdemo\login_tests">
<suite id="s1-s1" name="Gherkin Login" source="c:\data\webdemo\login_tests\gherkin_login.robot">
<test id="s1-s1-t1" name="Valid Login">
<kw name="Given browser is opened to login page">
<kw name="Open Browser To Login Page" library="resource">
<kw name="Open Browser" library="Selenium2Library">
<doc>Opens a new browser instance to the given ``url``.</doc>
<arguments>
<arg>${LOGIN URL}</arg>
<arg>${BROWSER}</arg>
</arguments>
<msg timestamp="20180627 14:45:33.520" level="INFO">Opening browser 'Chrome' to base url 'http://localhost:7272/'.</msg>
<status status="PASS" starttime="20180627 14:45:33.520" endtime="20180627 14:45:40.215"></status>
</kw>
<kw name="Maximize Browser Window" library="Selenium2Library">
<doc>Maximizes current browser window.</doc>
<status status="PASS" starttime="20180627 14:45:40.215" endtime="20180627 14:45:41.339"></status>
</kw>
<kw name="Set Selenium Speed" library="Selenium2Library">
<doc>Sets the delay that is waited after each Selenium command.</doc>
<arguments>
<arg>${DELAY}</arg>
</arguments>
<status status="PASS" starttime="20180627 14:45:41.339" endtime="20180627 14:45:41.339"></status>
</kw>
<kw name="Login Page Should Be Open" library="resource">
<kw name="Title Should Be" library="Selenium2Library">
<doc>Verifies that current page title equals ``title``.</doc>
<arguments>
<arg>Login Page</arg>
</arguments>
<msg timestamp="20180627 14:45:41.346" level="INFO">Page title is 'Login Page'.</msg>
<status status="PASS" starttime="20180627 14:45:41.340" endtime="20180627 14:45:41.346"></status>
</kw>
<status status="PASS" starttime="20180627 14:45:41.340" endtime="20180627 14:45:41.347"></status>
</kw>
<status status="PASS" starttime="20180627 14:45:33.519" endtime="20180627 14:45:41.347"></status>
</kw>
<status status="PASS" starttime="20180627 14:45:33.519" endtime="20180627 14:45:41.347"></status>
</kw>
<kw name="When user &quot;demo&quot; logs in with password &quot;mode&quot;">
<kw name="Input Username" library="resource">
<arguments>
<arg>${username}</arg>
</arguments>
<kw name="Input Text" library="Selenium2Library">
<doc>Types the given ``text`` into text field identified by ``locator``.</doc>
<arguments>
<arg>username_field</arg>
<arg>${username}</arg>
</arguments>
<msg timestamp="20180627 14:45:41.348" level="INFO">Typing text 'demo' into text field 'username_field'.</msg>
<status status="PASS" starttime="20180627 14:45:41.348" endtime="20180627 14:45:41.441"></status>
</kw>
<status status="PASS" starttime="20180627 14:45:41.347" endtime="20180627 14:45:41.441"></status>
</kw>
<kw name="Input Password" library="resource">
<arguments>
<arg>${password}</arg>
</arguments>
<kw name="Input Text" library="Selenium2Library">
<doc>Types the given ``text`` into text field identified by ``locator``.</doc>
<arguments>
<arg>password_field</arg>
<arg>${password}</arg>
</arguments>
<msg timestamp="20180627 14:45:41.442" level="INFO">Typing text 'mode' into text field 'password_field'.</msg>
<status status="PASS" starttime="20180627 14:45:41.442" endtime="20180627 14:45:41.522"></status>
</kw>
<status status="PASS" starttime="20180627 14:45:41.441" endtime="20180627 14:45:41.522"></status>
</kw>
<kw name="Submit Credentials" library="resource">
<kw name="Click Button" library="Selenium2Library">
<doc>Clicks button identified by ``locator``.</doc>
<arguments>
<arg>login_button</arg>
</arguments>
<msg timestamp="20180627 14:45:41.523" level="INFO">Clicking button 'login_button'.</msg>
<status status="PASS" starttime="20180627 14:45:41.523" endtime="20180627 14:45:41.927"></status>
</kw>
<status status="PASS" starttime="20180627 14:45:41.523" endtime="20180627 14:45:41.927"></status>
</kw>
<status status="PASS" starttime="20180627 14:45:41.347" endtime="20180627 14:45:41.927"></status>
</kw>
<kw name="Then welcome page should be open" library="resource">
<kw name="Location Should Be" library="Selenium2Library">
<doc>Verifies that current URL is exactly ``url``.</doc>
<arguments>
<arg>${WELCOME URL}</arg>
</arguments>
<msg timestamp="20180627 14:45:41.933" level="INFO">Current location is 'http://localhost:7272/welcome.html'.</msg>
<status status="PASS" starttime="20180627 14:45:41.928" endtime="20180627 14:45:41.933"></status>
</kw>
<kw name="Title Should Be" library="Selenium2Library">
<doc>Verifies that current page title equals ``title``.</doc>
<arguments>
<arg>Welcome Page</arg>
</arguments>
<msg timestamp="20180627 14:45:41.938" level="INFO">Page title is 'Welcome Page'.</msg>
<status status="PASS" starttime="20180627 14:45:41.933" endtime="20180627 14:45:41.938"></status>
</kw>
<status status="PASS" starttime="20180627 14:45:41.927" endtime="20180627 14:45:41.938"></status>
</kw>
<kw name="Close Browser" library="Selenium2Library" type="teardown">
<doc>Closes the current browser.</doc>
<status status="PASS" starttime="20180627 14:45:41.938" endtime="20180627 14:45:45.032"></status>
</kw>
<status status="PASS" starttime="20180627 14:45:33.518" endtime="20180627 14:45:45.032" critical="yes"></status>
</test>
<doc>A test suite with a single Gherkin style test.

This test is functionally identical to the example in
valid_login.robot file.</doc>
<status status="PASS" starttime="20180627 14:45:33.345" endtime="20180627 14:45:45.033"></status>
</suite>
<suite id="s1-s2" name="Invalid Login" source="c:\data\webdemo\login_tests\invalid_login.robot">
<kw name="Open Browser To Login Page" library="resource" type="setup">
<kw name="Open Browser" library="Selenium2Library">
<doc>Opens a new browser instance to the given ``url``.</doc>
<arguments>
<arg>${LOGIN URL}</arg>
<arg>${BROWSER}</arg>
</arguments>
<msg timestamp="20180627 14:45:45.040" level="INFO">Opening browser 'Chrome' to base url 'http://localhost:7272/'.</msg>
<status status="PASS" starttime="20180627 14:45:45.040" endtime="20180627 14:45:51.653"></status>
</kw>
<kw name="Maximize Browser Window" library="Selenium2Library">
<doc>Maximizes current browser window.</doc>
<status status="PASS" starttime="20180627 14:45:51.654" endtime="20180627 14:45:52.770"></status>
</kw>
<kw name="Set Selenium Speed" library="Selenium2Library">
<doc>Sets the delay that is waited after each Selenium command.</doc>
<arguments>
<arg>${DELAY}</arg>
</arguments>
<status status="PASS" starttime="20180627 14:45:52.770" endtime="20180627 14:45:52.770"></status>
</kw>
<kw name="Login Page Should Be Open" library="resource">
<kw name="Title Should Be" library="Selenium2Library">
<doc>Verifies that current page title equals ``title``.</doc>
<arguments>
<arg>Login Page</arg>
</arguments>
<msg timestamp="20180627 14:45:52.778" level="INFO">Page title is 'Login Page'.</msg>
<status status="PASS" starttime="20180627 14:45:52.771" endtime="20180627 14:45:52.778"></status>
</kw>
<status status="PASS" starttime="20180627 14:45:52.771" endtime="20180627 14:45:52.778"></status>
</kw>
<status status="PASS" starttime="20180627 14:45:45.040" endtime="20180627 14:45:52.778"></status>
</kw>
<test id="s1-s2-t1" name="Invalid Username">
<kw name="Go To Login Page" library="resource" type="setup">
<kw name="Go To" library="Selenium2Library">
<doc>Navigates the active browser instance to the provided ``url``.</doc>
<arguments>
<arg>${LOGIN URL}</arg>
</arguments>
<msg timestamp="20180627 14:45:52.779" level="INFO">Opening url 'http://localhost:7272/'</msg>
<status status="PASS" starttime="20180627 14:45:52.779" endtime="20180627 14:45:52.831"></status>
</kw>
<kw name="Login Page Should Be Open" library="resource">
<kw name="Title Should Be" library="Selenium2Library">
<doc>Verifies that current page title equals ``title``.</doc>
<arguments>
<arg>Login Page</arg>
</arguments>
<msg timestamp="20180627 14:45:52.836" level="INFO">Page title is 'Login Page'.</msg>
<status status="PASS" starttime="20180627 14:45:52.832" endtime="20180627 14:45:52.836"></status>
</kw>
<status status="PASS" starttime="20180627 14:45:52.831" endtime="20180627 14:45:52.837"></status>
</kw>
<status status="PASS" starttime="20180627 14:45:52.779" endtime="20180627 14:45:52.837"></status>
</kw>
<kw name="Login With Invalid Credentials Should Fail">
<arguments>
<arg>invalid</arg>
<arg>${VALID PASSWORD}</arg>
</arguments>
<kw name="Input Username" library="resource">
<arguments>
<arg>${username}</arg>
</arguments>
<kw name="Input Text" library="Selenium2Library">
<doc>Types the given ``text`` into text field identified by ``locator``.</doc>
<arguments>
<arg>username_field</arg>
<arg>${username}</arg>
</arguments>
<msg timestamp="20180627 14:45:52.838" level="INFO">Typing text 'invalid' into text field 'username_field'.</msg>
<status status="PASS" starttime="20180627 14:45:52.838" endtime="20180627 14:45:52.959"></status>
</kw>
<status status="PASS" starttime="20180627 14:45:52.837" endtime="20180627 14:45:52.959"></status>
</kw>
<kw name="Input Password" library="resource">
<arguments>
<arg>${password}</arg>
</arguments>
<kw name="Input Text" library="Selenium2Library">
<doc>Types the given ``text`` into text field identified by ``locator``.</doc>
<arguments>
<arg>password_field</arg>
<arg>${password}</arg>
</arguments>
<msg timestamp="20180627 14:45:52.960" level="INFO">Typing text 'mode' into text field 'password_field'.</msg>
<status status="PASS" starttime="20180627 14:45:52.960" endtime="20180627 14:45:53.029"></status>
</kw>
<status status="PASS" starttime="20180627 14:45:52.960" endtime="20180627 14:45:53.029"></status>
</kw>
<kw name="Submit Credentials" library="resource">
<kw name="Click Button" library="Selenium2Library">
<doc>Clicks button identified by ``locator``.</doc>
<arguments>
<arg>login_button</arg>
</arguments>
<msg timestamp="20180627 14:45:53.030" level="INFO">Clicking button 'login_button'.</msg>
<status status="PASS" starttime="20180627 14:45:53.029" endtime="20180627 14:45:53.124"></status>
</kw>
<status status="PASS" starttime="20180627 14:45:53.029" endtime="20180627 14:45:53.124"></status>
</kw>
<kw name="Login Should Have Failed">
<kw name="Location Should Be" library="Selenium2Library">
<doc>Verifies that current URL is exactly ``url``.</doc>
<arguments>
<arg>${ERROR URL}</arg>
</arguments>
<msg timestamp="20180627 14:45:53.128" level="INFO">Current location is 'http://localhost:7272/error.html'.</msg>
<status status="PASS" starttime="20180627 14:45:53.125" endtime="20180627 14:45:53.128"></status>
</kw>
<kw name="Title Should Be" library="Selenium2Library">
<doc>Verifies that current page title equals ``title``.</doc>
<arguments>
<arg>Error Page</arg>
</arguments>
<msg timestamp="20180627 14:45:53.136" level="INFO">Page title is 'Error Page'.</msg>
<status status="PASS" starttime="20180627 14:45:53.129" endtime="20180627 14:45:53.136"></status>
</kw>
<status status="PASS" starttime="20180627 14:45:53.124" endtime="20180627 14:45:53.136"></status>
</kw>
<status status="PASS" starttime="20180627 14:45:52.837" endtime="20180627 14:45:53.137"></status>
</kw>
<status status="PASS" starttime="20180627 14:45:52.778" endtime="20180627 14:45:53.137" critical="yes"></status>
</test>
<test id="s1-s2-t2" name="Invalid Password">
<kw name="Go To Login Page" library="resource" type="setup">
<kw name="Go To" library="Selenium2Library">
<doc>Navigates the active browser instance to the provided ``url``.</doc>
<arguments>
<arg>${LOGIN URL}</arg>
</arguments>
<msg timestamp="20180627 14:45:53.141" level="INFO">Opening url 'http://localhost:7272/'</msg>
<status status="PASS" starttime="20180627 14:45:53.141" endtime="20180627 14:45:53.164"></status>
</kw>
<kw name="Login Page Should Be Open" library="resource">
<kw name="Title Should Be" library="Selenium2Library">
<doc>Verifies that current page title equals ``title``.</doc>
<arguments>
<arg>Login Page</arg>
</arguments>
<msg timestamp="20180627 14:45:53.172" level="INFO">Page title is 'Login Page'.</msg>
<status status="PASS" starttime="20180627 14:45:53.165" endtime="20180627 14:45:53.172"></status>
</kw>
<status status="PASS" starttime="20180627 14:45:53.164" endtime="20180627 14:45:53.172"></status>
</kw>
<status status="PASS" starttime="20180627 14:45:53.139" endtime="20180627 14:45:53.173"></status>
</kw>
<kw name="Login With Invalid Credentials Should Fail">
<arguments>
<arg>${VALID USER}</arg>
<arg>invalid</arg>
</arguments>
<kw name="Input Username" library="resource">
<arguments>
<arg>${username}</arg>
</arguments>
<kw name="Input Text" library="Selenium2Library">
<doc>Types the given ``text`` into text field identified by ``locator``.</doc>
<arguments>
<arg>username_field</arg>
<arg>${username}</arg>
</arguments>
<msg timestamp="20180627 14:45:53.175" level="INFO">Typing text 'demo' into text field 'username_field'.</msg>
<status status="PASS" starttime="20180627 14:45:53.175" endtime="20180627 14:45:53.251"></status>
</kw>
<status status="PASS" starttime="20180627 14:45:53.174" endtime="20180627 14:45:53.251"></status>
</kw>
<kw name="Input Password" library="resource">
<arguments>
<arg>${password}</arg>
</arguments>
<kw name="Input Text" library="Selenium2Library">
<doc>Types the given ``text`` into text field identified by ``locator``.</doc>
<arguments>
<arg>password_field</arg>
<arg>${password}</arg>
</arguments>
<msg timestamp="20180627 14:45:53.252" level="INFO">Typing text 'invalid' into text field 'password_field'.</msg>
<status status="PASS" starttime="20180627 14:45:53.252" endtime="20180627 14:45:53.327"></status>
</kw>
<status status="PASS" starttime="20180627 14:45:53.251" endtime="20180627 14:45:53.328"></status>
</kw>
<kw name="Submit Credentials" library="resource">
<kw name="Click Button" library="Selenium2Library">
<doc>Clicks button identified by ``locator``.</doc>
<arguments>
<arg>login_button</arg>
</arguments>
<msg timestamp="20180627 14:45:53.328" level="INFO">Clicking button 'login_button'.</msg>
<status status="PASS" starttime="20180627 14:45:53.328" endtime="20180627 14:45:53.409"></status>
</kw>
<status status="PASS" starttime="20180627 14:45:53.328" endtime="20180627 14:45:53.409"></status>
</kw>
<kw name="Login Should Have Failed">
<kw name="Location Should Be" library="Selenium2Library">
<doc>Verifies that current URL is exactly ``url``.</doc>
<arguments>
<arg>${ERROR URL}</arg>
</arguments>
<msg timestamp="20180627 14:45:53.414" level="INFO">Current location is 'http://localhost:7272/error.html'.</msg>
<status status="PASS" starttime="20180627 14:45:53.410" endtime="20180627 14:45:53.414"></status>
</kw>
<kw name="Title Should Be" library="Selenium2Library">
<doc>Verifies that current page title equals ``title``.</doc>
<arguments>
<arg>Error Page</arg>
</arguments>
<msg timestamp="20180627 14:45:53.419" level="INFO">Page title is 'Error Page'.</msg>
<status status="PASS" starttime="20180627 14:45:53.414" endtime="20180627 14:45:53.419"></status>
</kw>
<status status="PASS" starttime="20180627 14:45:53.409" endtime="20180627 14:45:53.420"></status>
</kw>
<status status="PASS" starttime="20180627 14:45:53.174" endtime="20180627 14:45:53.420"></status>
</kw>
<status status="PASS" starttime="20180627 14:45:53.138" endtime="20180627 14:45:53.420" critical="yes"></status>
</test>
<test id="s1-s2-t3" name="Invalid Username And Password">
<kw name="Go To Login Page" library="resource" type="setup">
<kw name="Go To" library="Selenium2Library">
<doc>Navigates the active browser instance to the provided ``url``.</doc>
<arguments>
<arg>${LOGIN URL}</arg>
</arguments>
<msg timestamp="20180627 14:45:53.421" level="INFO">Opening url 'http://localhost:7272/'</msg>
<status status="PASS" starttime="20180627 14:45:53.421" endtime="20180627 14:45:53.442"></status>
</kw>
<kw name="Login Page Should Be Open" library="resource">
<kw name="Title Should Be" library="Selenium2Library">
<doc>Verifies that current page title equals ``title``.</doc>
<arguments>
<arg>Login Page</arg>
</arguments>
<msg timestamp="20180627 14:45:53.447" level="INFO">Page title is 'Login Page'.</msg>
<status status="PASS" starttime="20180627 14:45:53.443" endtime="20180627 14:45:53.447"></status>
</kw>
<status status="PASS" starttime="20180627 14:45:53.442" endtime="20180627 14:45:53.447"></status>
</kw>
<status status="PASS" starttime="20180627 14:45:53.421" endtime="20180627 14:45:53.448"></status>
</kw>
<kw name="Login With Invalid Credentials Should Fail">
<arguments>
<arg>invalid</arg>
<arg>whatever</arg>
</arguments>
<kw name="Input Username" library="resource">
<arguments>
<arg>${username}</arg>
</arguments>
<kw name="Input Text" library="Selenium2Library">
<doc>Types the given ``text`` into text field identified by ``locator``.</doc>
<arguments>
<arg>username_field</arg>
<arg>${username}</arg>
</arguments>
<msg timestamp="20180627 14:45:53.449" level="INFO">Typing text 'invalid' into text field 'username_field'.</msg>
<status status="PASS" starttime="20180627 14:45:53.448" endtime="20180627 14:45:53.529"></status>
</kw>
<status status="PASS" starttime="20180627 14:45:53.448" endtime="20180627 14:45:53.529"></status>
</kw>
<kw name="Input Password" library="resource">
<arguments>
<arg>${password}</arg>
</arguments>
<kw name="Input Text" library="Selenium2Library">
<doc>Types the given ``text`` into text field identified by ``locator``.</doc>
<arguments>
<arg>password_field</arg>
<arg>${password}</arg>
</arguments>
<msg timestamp="20180627 14:45:53.530" level="INFO">Typing text 'whatever' into text field 'password_field'.</msg>
<status status="PASS" starttime="20180627 14:45:53.530" endtime="20180627 14:45:53.625"></status>
</kw>
<status status="PASS" starttime="20180627 14:45:53.529" endtime="20180627 14:45:53.625"></status>
</kw>
<kw name="Submit Credentials" library="resource">
<kw name="Click Button" library="Selenium2Library">
<doc>Clicks button identified by ``locator``.</doc>
<arguments>
<arg>login_button</arg>
</arguments>
<msg timestamp="20180627 14:45:53.626" level="INFO">Clicking button 'login_button'.</msg>
<status status="PASS" starttime="20180627 14:45:53.626" endtime="20180627 14:45:53.706"></status>
</kw>
<status status="PASS" starttime="20180627 14:45:53.625" endtime="20180627 14:45:53.707"></status>
</kw>
<kw name="Login Should Have Failed">
<kw name="Location Should Be" library="Selenium2Library">
<doc>Verifies that current URL is exactly ``url``.</doc>
<arguments>
<arg>${ERROR URL}</arg>
</arguments>
<msg timestamp="20180627 14:45:53.712" level="INFO">Current location is 'http://localhost:7272/error.html'.</msg>
<status status="PASS" starttime="20180627 14:45:53.707" endtime="20180627 14:45:53.712"></status>
</kw>
<kw name="Title Should Be" library="Selenium2Library">
<doc>Verifies that current page title equals ``title``.</doc>
<arguments>
<arg>Error Page</arg>
</arguments>
<msg timestamp="20180627 14:45:53.715" level="INFO">Page title is 'Error Page'.</msg>
<status status="PASS" starttime="20180627 14:45:53.712" endtime="20180627 14:45:53.715"></status>
</kw>
<status status="PASS" starttime="20180627 14:45:53.707" endtime="20180627 14:45:53.715"></status>
</kw>
<status status="PASS" starttime="20180627 14:45:53.448" endtime="20180627 14:45:53.715"></status>
</kw>
<status status="PASS" starttime="20180627 14:45:53.420" endtime="20180627 14:45:53.716" critical="yes"></status>
</test>
<test id="s1-s2-t4" name="Empty Username">
<kw name="Go To Login Page" library="resource" type="setup">
<kw name="Go To" library="Selenium2Library">
<doc>Navigates the active browser instance to the provided ``url``.</doc>
<arguments>
<arg>${LOGIN URL}</arg>
</arguments>
<msg timestamp="20180627 14:45:53.718" level="INFO">Opening url 'http://localhost:7272/'</msg>
<status status="PASS" starttime="20180627 14:45:53.718" endtime="20180627 14:45:53.742"></status>
</kw>
<kw name="Login Page Should Be Open" library="resource">
<kw name="Title Should Be" library="Selenium2Library">
<doc>Verifies that current page title equals ``title``.</doc>
<arguments>
<arg>Login Page</arg>
</arguments>
<msg timestamp="20180627 14:45:53.746" level="INFO">Page title is 'Login Page'.</msg>
<status status="PASS" starttime="20180627 14:45:53.743" endtime="20180627 14:45:53.746"></status>
</kw>
<status status="PASS" starttime="20180627 14:45:53.742" endtime="20180627 14:45:53.746"></status>
</kw>
<status status="PASS" starttime="20180627 14:45:53.717" endtime="20180627 14:45:53.746"></status>
</kw>
<kw name="Login With Invalid Credentials Should Fail">
<arguments>
<arg>${EMPTY}</arg>
<arg>${VALID PASSWORD}</arg>
</arguments>
<kw name="Input Username" library="resource">
<arguments>
<arg>${username}</arg>
</arguments>
<kw name="Input Text" library="Selenium2Library">
<doc>Types the given ``text`` into text field identified by ``locator``.</doc>
<arguments>
<arg>username_field</arg>
<arg>${username}</arg>
</arguments>
<msg timestamp="20180627 14:45:53.747" level="INFO">Typing text '' into text field 'username_field'.</msg>
<status status="PASS" starttime="20180627 14:45:53.747" endtime="20180627 14:45:53.809"></status>
</kw>
<status status="PASS" starttime="20180627 14:45:53.747" endtime="20180627 14:45:53.809"></status>
</kw>
<kw name="Input Password" library="resource">
<arguments>
<arg>${password}</arg>
</arguments>
<kw name="Input Text" library="Selenium2Library">
<doc>Types the given ``text`` into text field identified by ``locator``.</doc>
<arguments>
<arg>password_field</arg>
<arg>${password}</arg>
</arguments>
<msg timestamp="20180627 14:45:53.810" level="INFO">Typing text 'mode' into text field 'password_field'.</msg>
<status status="PASS" starttime="20180627 14:45:53.810" endtime="20180627 14:45:53.886"></status>
</kw>
<status status="PASS" starttime="20180627 14:45:53.809" endtime="20180627 14:45:53.886"></status>
</kw>
<kw name="Submit Credentials" library="resource">
<kw name="Click Button" library="Selenium2Library">
<doc>Clicks button identified by ``locator``.</doc>
<arguments>
<arg>login_button</arg>
</arguments>
<msg timestamp="20180627 14:45:53.887" level="INFO">Clicking button 'login_button'.</msg>
<status status="PASS" starttime="20180627 14:45:53.887" endtime="20180627 14:45:53.957"></status>
</kw>
<status status="PASS" starttime="20180627 14:45:53.886" endtime="20180627 14:45:53.957"></status>
</kw>
<kw name="Login Should Have Failed">
<kw name="Location Should Be" library="Selenium2Library">
<doc>Verifies that current URL is exactly ``url``.</doc>
<arguments>
<arg>${ERROR URL}</arg>
</arguments>
<msg timestamp="20180627 14:45:53.963" level="INFO">Current location is 'http://localhost:7272/error.html'.</msg>
<status status="PASS" starttime="20180627 14:45:53.958" endtime="20180627 14:45:53.963"></status>
</kw>
<kw name="Title Should Be" library="Selenium2Library">
<doc>Verifies that current page title equals ``title``.</doc>
<arguments>
<arg>Error Page</arg>
</arguments>
<msg timestamp="20180627 14:45:53.966" level="INFO">Page title is 'Error Page'.</msg>
<status status="PASS" starttime="20180627 14:45:53.963" endtime="20180627 14:45:53.966"></status>
</kw>
<status status="PASS" starttime="20180627 14:45:53.958" endtime="20180627 14:45:53.967"></status>
</kw>
<status status="PASS" starttime="20180627 14:45:53.747" endtime="20180627 14:45:53.967"></status>
</kw>
<status status="PASS" starttime="20180627 14:45:53.716" endtime="20180627 14:45:53.967" critical="yes"></status>
</test>
<test id="s1-s2-t5" name="Empty Password">
<kw name="Go To Login Page" library="resource" type="setup">
<kw name="Go To" library="Selenium2Library">
<doc>Navigates the active browser instance to the provided ``url``.</doc>
<arguments>
<arg>${LOGIN URL}</arg>
</arguments>
<msg timestamp="20180627 14:45:53.970" level="INFO">Opening url 'http://localhost:7272/'</msg>
<status status="PASS" starttime="20180627 14:45:53.969" endtime="20180627 14:45:53.992"></status>
</kw>
<kw name="Login Page Should Be Open" library="resource">
<kw name="Title Should Be" library="Selenium2Library">
<doc>Verifies that current page title equals ``title``.</doc>
<arguments>
<arg>Login Page</arg>
</arguments>
<msg timestamp="20180627 14:45:53.996" level="INFO">Page title is 'Login Page'.</msg>
<status status="PASS" starttime="20180627 14:45:53.992" endtime="20180627 14:45:53.996"></status>
</kw>
<status status="PASS" starttime="20180627 14:45:53.992" endtime="20180627 14:45:53.997"></status>
</kw>
<status status="PASS" starttime="20180627 14:45:53.969" endtime="20180627 14:45:53.997"></status>
</kw>
<kw name="Login With Invalid Credentials Should Fail">
<arguments>
<arg>${VALID USER}</arg>
<arg>${EMPTY}</arg>
</arguments>
<kw name="Input Username" library="resource">
<arguments>
<arg>${username}</arg>
</arguments>
<kw name="Input Text" library="Selenium2Library">
<doc>Types the given ``text`` into text field identified by ``locator``.</doc>
<arguments>
<arg>username_field</arg>
<arg>${username}</arg>
</arguments>
<msg timestamp="20180627 14:45:53.998" level="INFO">Typing text 'demo' into text field 'username_field'.</msg>
<status status="PASS" starttime="20180627 14:45:53.998" endtime="20180627 14:45:54.078"></status>
</kw>
<status status="PASS" starttime="20180627 14:45:53.997" endtime="20180627 14:45:54.078"></status>
</kw>
<kw name="Input Password" library="resource">
<arguments>
<arg>${password}</arg>
</arguments>
<kw name="Input Text" library="Selenium2Library">
<doc>Types the given ``text`` into text field identified by ``locator``.</doc>
<arguments>
<arg>password_field</arg>
<arg>${password}</arg>
</arguments>
<msg timestamp="20180627 14:45:54.079" level="INFO">Typing text '' into text field 'password_field'.</msg>
<status status="PASS" starttime="20180627 14:45:54.078" endtime="20180627 14:45:54.132"></status>
</kw>
<status status="PASS" starttime="20180627 14:45:54.078" endtime="20180627 14:45:54.132"></status>
</kw>
<kw name="Submit Credentials" library="resource">
<kw name="Click Button" library="Selenium2Library">
<doc>Clicks button identified by ``locator``.</doc>
<arguments>
<arg>login_button</arg>
</arguments>
<msg timestamp="20180627 14:45:54.133" level="INFO">Clicking button 'login_button'.</msg>
<status status="PASS" starttime="20180627 14:45:54.132" endtime="20180627 14:45:54.207"></status>
</kw>
<status status="PASS" starttime="20180627 14:45:54.132" endtime="20180627 14:45:54.207"></status>
</kw>
<kw name="Login Should Have Failed">
<kw name="Location Should Be" library="Selenium2Library">
<doc>Verifies that current URL is exactly ``url``.</doc>
<arguments>
<arg>${ERROR URL}</arg>
</arguments>
<msg timestamp="20180627 14:45:54.214" level="INFO">Current location is 'http://localhost:7272/error.html'.</msg>
<status status="PASS" starttime="20180627 14:45:54.208" endtime="20180627 14:45:54.214"></status>
</kw>
<kw name="Title Should Be" library="Selenium2Library">
<doc>Verifies that current page title equals ``title``.</doc>
<arguments>
<arg>Error Page</arg>
</arguments>
<msg timestamp="20180627 14:45:54.219" level="INFO">Page title is 'Error Page'.</msg>
<status status="PASS" starttime="20180627 14:45:54.215" endtime="20180627 14:45:54.220"></status>
</kw>
<status status="PASS" starttime="20180627 14:45:54.208" endtime="20180627 14:45:54.220"></status>
</kw>
<status status="PASS" starttime="20180627 14:45:53.997" endtime="20180627 14:45:54.220"></status>
</kw>
<status status="PASS" starttime="20180627 14:45:53.967" endtime="20180627 14:45:54.220" critical="yes"></status>
</test>
<test id="s1-s2-t6" name="Empty Username And Password">
<kw name="Go To Login Page" library="resource" type="setup">
<kw name="Go To" library="Selenium2Library">
<doc>Navigates the active browser instance to the provided ``url``.</doc>
<arguments>
<arg>${LOGIN URL}</arg>
</arguments>
<msg timestamp="20180627 14:45:54.222" level="INFO">Opening url 'http://localhost:7272/'</msg>
<status status="PASS" starttime="20180627 14:45:54.222" endtime="20180627 14:45:54.244"></status>
</kw>
<kw name="Login Page Should Be Open" library="resource">
<kw name="Title Should Be" library="Selenium2Library">
<doc>Verifies that current page title equals ``title``.</doc>
<arguments>
<arg>Login Page</arg>
</arguments>
<msg timestamp="20180627 14:45:54.247" level="INFO">Page title is 'Login Page'.</msg>
<status status="PASS" starttime="20180627 14:45:54.244" endtime="20180627 14:45:54.247"></status>
</kw>
<status status="PASS" starttime="20180627 14:45:54.244" endtime="20180627 14:45:54.247"></status>
</kw>
<status status="PASS" starttime="20180627 14:45:54.221" endtime="20180627 14:45:54.247"></status>
</kw>
<kw name="Login With Invalid Credentials Should Fail">
<arguments>
<arg>${EMPTY}</arg>
<arg>${EMPTY}</arg>
</arguments>
<kw name="Input Username" library="resource">
<arguments>
<arg>${username}</arg>
</arguments>
<kw name="Input Text" library="Selenium2Library">
<doc>Types the given ``text`` into text field identified by ``locator``.</doc>
<arguments>
<arg>username_field</arg>
<arg>${username}</arg>
</arguments>
<msg timestamp="20180627 14:45:54.248" level="INFO">Typing text '' into text field 'username_field'.</msg>
<status status="PASS" starttime="20180627 14:45:54.248" endtime="20180627 14:45:54.333"></status>
</kw>
<status status="PASS" starttime="20180627 14:45:54.248" endtime="20180627 14:45:54.333"></status>
</kw>
<kw name="Input Password" library="resource">
<arguments>
<arg>${password}</arg>
</arguments>
<kw name="Input Text" library="Selenium2Library">
<doc>Types the given ``text`` into text field identified by ``locator``.</doc>
<arguments>
<arg>password_field</arg>
<arg>${password}</arg>
</arguments>
<msg timestamp="20180627 14:45:54.335" level="INFO">Typing text '' into text field 'password_field'.</msg>
<status status="PASS" starttime="20180627 14:45:54.335" endtime="20180627 14:45:54.405"></status>
</kw>
<status status="PASS" starttime="20180627 14:45:54.333" endtime="20180627 14:45:54.405"></status>
</kw>
<kw name="Submit Credentials" library="resource">
<kw name="Click Button" library="Selenium2Library">
<doc>Clicks button identified by ``locator``.</doc>
<arguments>
<arg>login_button</arg>
</arguments>
<msg timestamp="20180627 14:45:54.406" level="INFO">Clicking button 'login_button'.</msg>
<status status="PASS" starttime="20180627 14:45:54.406" endtime="20180627 14:45:54.495"></status>
</kw>
<status status="PASS" starttime="20180627 14:45:54.405" endtime="20180627 14:45:54.496"></status>
</kw>
<kw name="Login Should Have Failed">
<kw name="Location Should Be" library="Selenium2Library">
<doc>Verifies that current URL is exactly ``url``.</doc>
<arguments>
<arg>${ERROR URL}</arg>
</arguments>
<msg timestamp="20180627 14:45:54.506" level="INFO">Current location is 'http://localhost:7272/error.html'.</msg>
<status status="PASS" starttime="20180627 14:45:54.497" endtime="20180627 14:45:54.506"></status>
</kw>
<kw name="Title Should Be" library="Selenium2Library">
<doc>Verifies that current page title equals ``title``.</doc>
<arguments>
<arg>Error Page</arg>
</arguments>
<msg timestamp="20180627 14:45:54.510" level="INFO">Page title is 'Error Page'.</msg>
<status status="PASS" starttime="20180627 14:45:54.506" endtime="20180627 14:45:54.510"></status>
</kw>
<status status="PASS" starttime="20180627 14:45:54.496" endtime="20180627 14:45:54.510"></status>
</kw>
<status status="PASS" starttime="20180627 14:45:54.248" endtime="20180627 14:45:54.510"></status>
</kw>
<status status="PASS" starttime="20180627 14:45:54.221" endtime="20180627 14:45:54.510" critical="yes"></status>
</test>
<kw name="Close Browser" library="Selenium2Library" type="teardown">
<doc>Closes the current browser.</doc>
<status status="PASS" starttime="20180627 14:45:54.511" endtime="20180627 14:45:57.605"></status>
</kw>
<doc>A test suite containing tests related to invalid login.

These tests are data-driven by their nature. They use a single
keyword, specified with Test Template setting, that is called
with different arguments to cover different scenarios.

This suite also demonstrates using setups and teardowns in
different levels.</doc>
<status status="PASS" starttime="20180627 14:45:45.035" endtime="20180627 14:45:57.605"></status>
</suite>
<suite id="s1-s3" name="Valid Login" source="c:\data\webdemo\login_tests\valid_login.robot">
<test id="s1-s3-t1" name="Valid Login">
<kw name="Open Browser To Login Page" library="resource">
<kw name="Open Browser" library="Selenium2Library">
<doc>Opens a new browser instance to the given ``url``.</doc>
<arguments>
<arg>${LOGIN URL}</arg>
<arg>${BROWSER}</arg>
</arguments>
<msg timestamp="20180627 14:45:57.613" level="INFO">Opening browser 'Chrome' to base url 'http://localhost:7272/'.</msg>
<status status="PASS" starttime="20180627 14:45:57.612" endtime="20180627 14:46:04.281"></status>
</kw>
<kw name="Maximize Browser Window" library="Selenium2Library">
<doc>Maximizes current browser window.</doc>
<status status="PASS" starttime="20180627 14:46:04.281" endtime="20180627 14:46:05.397"></status>
</kw>
<kw name="Set Selenium Speed" library="Selenium2Library">
<doc>Sets the delay that is waited after each Selenium command.</doc>
<arguments>
<arg>${DELAY}</arg>
</arguments>
<status status="PASS" starttime="20180627 14:46:05.397" endtime="20180627 14:46:05.397"></status>
</kw>
<kw name="Login Page Should Be Open" library="resource">
<kw name="Title Should Be" library="Selenium2Library">
<doc>Verifies that current page title equals ``title``.</doc>
<arguments>
<arg>Login Page</arg>
</arguments>
<msg timestamp="20180627 14:46:05.404" level="INFO">Page title is 'Login Page'.</msg>
<status status="PASS" starttime="20180627 14:46:05.398" endtime="20180627 14:46:05.405"></status>
</kw>
<status status="PASS" starttime="20180627 14:46:05.397" endtime="20180627 14:46:05.405"></status>
</kw>
<status status="PASS" starttime="20180627 14:45:57.612" endtime="20180627 14:46:05.405"></status>
</kw>
<kw name="Input Username" library="resource">
<arguments>
<arg>demo</arg>
</arguments>
<kw name="Input Text" library="Selenium2Library">
<doc>Types the given ``text`` into text field identified by ``locator``.</doc>
<arguments>
<arg>username_field</arg>
<arg>${username}</arg>
</arguments>
<msg timestamp="20180627 14:46:05.406" level="INFO">Typing text 'demo' into text field 'username_field'.</msg>
<status status="PASS" starttime="20180627 14:46:05.405" endtime="20180627 14:46:05.492"></status>
</kw>
<status status="PASS" starttime="20180627 14:46:05.405" endtime="20180627 14:46:05.492"></status>
</kw>
<kw name="Input Password" library="resource">
<arguments>
<arg>mode</arg>
</arguments>
<kw name="Input Text" library="Selenium2Library">
<doc>Types the given ``text`` into text field identified by ``locator``.</doc>
<arguments>
<arg>password_field</arg>
<arg>${password}</arg>
</arguments>
<msg timestamp="20180627 14:46:05.492" level="INFO">Typing text 'mode' into text field 'password_field'.</msg>
<status status="PASS" starttime="20180627 14:46:05.492" endtime="20180627 14:46:05.575"></status>
</kw>
<status status="PASS" starttime="20180627 14:46:05.492" endtime="20180627 14:46:05.575"></status>
</kw>
<kw name="Submit Credentials" library="resource">
<kw name="Click Button" library="Selenium2Library">
<doc>Clicks button identified by ``locator``.</doc>
<arguments>
<arg>login_button</arg>
</arguments>
<msg timestamp="20180627 14:46:05.576" level="INFO">Clicking button 'login_button'.</msg>
<status status="PASS" starttime="20180627 14:46:05.576" endtime="20180627 14:46:05.987"></status>
</kw>
<status status="PASS" starttime="20180627 14:46:05.575" endtime="20180627 14:46:05.987"></status>
</kw>
<kw name="Welcome Page Should Be Open" library="resource">
<kw name="Location Should Be" library="Selenium2Library">
<doc>Verifies that current URL is exactly ``url``.</doc>
<arguments>
<arg>${WELCOME URL}</arg>
</arguments>
<msg timestamp="20180627 14:46:05.993" level="INFO">Current location is 'http://localhost:7272/welcome.html'.</msg>
<status status="PASS" starttime="20180627 14:46:05.988" endtime="20180627 14:46:05.993"></status>
</kw>
<kw name="Title Should Be" library="Selenium2Library">
<doc>Verifies that current page title equals ``title``.</doc>
<arguments>
<arg>Welcome Page</arg>
</arguments>
<msg timestamp="20180627 14:46:05.998" level="INFO">Page title is 'Welcome Page'.</msg>
<status status="PASS" starttime="20180627 14:46:05.993" endtime="20180627 14:46:05.998"></status>
</kw>
<status status="PASS" starttime="20180627 14:46:05.987" endtime="20180627 14:46:05.998"></status>
</kw>
<kw name="Close Browser" library="Selenium2Library" type="teardown">
<doc>Closes the current browser.</doc>
<status status="PASS" starttime="20180627 14:46:05.998" endtime="20180627 14:46:09.068"></status>
</kw>
<status status="PASS" starttime="20180627 14:45:57.612" endtime="20180627 14:46:09.068" critical="yes"></status>
</test>
<doc>A test suite with a single test for valid login.

This test has a workflow that is created using keywords in
the imported resource file.</doc>
<status status="PASS" starttime="20180627 14:45:57.607" endtime="20180627 14:46:09.069"></status>
</suite>
<status status="PASS" starttime="20180627 14:45:33.308" endtime="20180627 14:46:09.071"></status>
</suite>
<statistics>
<total>
<stat pass="8" fail="0">Critical Tests</stat>
<stat pass="8" fail="0">All Tests</stat>
</total>
<tag>
</tag>
<suite>
<stat pass="8" fail="0" id="s1" name="Login Tests">Login Tests</stat>
<stat pass="1" fail="0" id="s1-s1" name="Gherkin Login">Login Tests.Gherkin Login</stat>
<stat pass="6" fail="0" id="s1-s2" name="Invalid Login">Login Tests.Invalid Login</stat>
<stat pass="1" fail="0" id="s1-s3" name="Valid Login">Login Tests.Valid Login</stat>
</suite>
</statistics>
<errors>
</errors>
</robot>
